c:\_temporary\freeftys-master\freeftys-master\secondary\npphorizontalruler\x64\unicode debug\vc141.pdb
c:\_temporary\freeftys-master\freeftys-master\secondary\npphorizontalruler\x64\unicode debug\plugindefinition.obj
c:\_temporary\freeftys-master\freeftys-master\secondary\npphorizontalruler\x64\unicode debug\npphorizontalruler.obj
c:\_temporary\freeftys-master\freeftys-master\secondary\npphorizontalruler\x64\unicode debug\ini.obj
c:\_temporary\freeftys-master\freeftys-master\secondary\npphorizontalruler\x64\unicode debug\horizontalruler.obj
c:\_temporary\freeftys-master\freeftys-master\secondary\npphorizontalruler\x64\unicode debug\dllmain.obj
c:\_temporary\freeftys-master\freeftys-master\secondary\npphorizontalruler\x64\unicode debug\npphorizontalruler_debug.ilk
c:\_temporary\freeftys-master\freeftys-master\secondary\npphorizontalruler\x64\unicode debug\npphorizontalruler_debug.dll
c:\_temporary\freeftys-master\freeftys-master\secondary\npphorizontalruler\x64\unicode debug\npphorizontalruler.pdb
c:\_temporary\freeftys-master\freeftys-master\secondary\npphorizontalruler\x64\unicode debug\npphorizontalruler.lib
c:\_temporary\freeftys-master\freeftys-master\secondary\npphorizontalruler\x64\unicode debug\npphorizontalruler.exp
c:\_temporary\freeftys-master\freeftys-master\secondary\npphorizontalruler\x64\unicode debug\npphorizontalruler.res
c:\_temporary\freeftys-master\freeftys-master\secondary\npphorizontalruler\x64\unicode debug\npphoriz.1590d7cd.tlog\cl.command.1.tlog
c:\_temporary\freeftys-master\freeftys-master\secondary\npphorizontalruler\x64\unicode debug\npphoriz.1590d7cd.tlog\cl.read.1.tlog
c:\_temporary\freeftys-master\freeftys-master\secondary\npphorizontalruler\x64\unicode debug\npphoriz.1590d7cd.tlog\cl.write.1.tlog
c:\_temporary\freeftys-master\freeftys-master\secondary\npphorizontalruler\x64\unicode debug\npphoriz.1590d7cd.tlog\link.command.1.tlog
c:\_temporary\freeftys-master\freeftys-master\secondary\npphorizontalruler\x64\unicode debug\npphoriz.1590d7cd.tlog\link.read.1.tlog
c:\_temporary\freeftys-master\freeftys-master\secondary\npphorizontalruler\x64\unicode debug\npphoriz.1590d7cd.tlog\link.write.1.tlog
c:\_temporary\freeftys-master\freeftys-master\secondary\npphorizontalruler\x64\unicode debug\npphoriz.1590d7cd.tlog\npphorizontalruler.write.1u.tlog
c:\_temporary\freeftys-master\freeftys-master\secondary\npphorizontalruler\x64\unicode debug\npphoriz.1590d7cd.tlog\rc.command.1.tlog
c:\_temporary\freeftys-master\freeftys-master\secondary\npphorizontalruler\x64\unicode debug\npphoriz.1590d7cd.tlog\rc.read.1.tlog
c:\_temporary\freeftys-master\freeftys-master\secondary\npphorizontalruler\x64\unicode debug\npphoriz.1590d7cd.tlog\rc.write.1.tlog
