c:\_temporary\freeftys-master\freeftys-master\secondary\npphorizontalruler\x64\unicode realeas\vc141.pdb
c:\_temporary\freeftys-master\freeftys-master\secondary\npphorizontalruler\x64\unicode realeas\plugindefinition.obj
c:\_temporary\freeftys-master\freeftys-master\secondary\npphorizontalruler\x64\unicode realeas\npphorizontalruler.obj
c:\_temporary\freeftys-master\freeftys-master\secondary\npphorizontalruler\x64\unicode realeas\ini.obj
c:\_temporary\freeftys-master\freeftys-master\secondary\npphorizontalruler\x64\unicode realeas\horizontalruler.obj
c:\_temporary\freeftys-master\freeftys-master\secondary\npphorizontalruler\x64\unicode realeas\dllmain.obj
c:\_temporary\freeftys-master\freeftys-master\secondary\npphorizontalruler\x64\unicode realeas\npphorizontalruler.dll
c:\_temporary\freeftys-master\freeftys-master\secondary\npphorizontalruler\x64\unicode realeas\npphorizontalruler.pdb
c:\_temporary\freeftys-master\freeftys-master\secondary\npphorizontalruler\x64\unicode realeas\npphorizontalruler.lib
c:\_temporary\freeftys-master\freeftys-master\secondary\npphorizontalruler\x64\unicode realeas\npphorizontalruler.exp
c:\_temporary\freeftys-master\freeftys-master\secondary\npphorizontalruler\x64\unicode realeas\npphorizontalruler.res
c:\_temporary\freeftys-master\freeftys-master\secondary\npphorizontalruler\x64\unicode realeas\npphoriz.1590d7cd.tlog\cl.command.1.tlog
c:\_temporary\freeftys-master\freeftys-master\secondary\npphorizontalruler\x64\unicode realeas\npphoriz.1590d7cd.tlog\cl.read.1.tlog
c:\_temporary\freeftys-master\freeftys-master\secondary\npphorizontalruler\x64\unicode realeas\npphoriz.1590d7cd.tlog\cl.write.1.tlog
c:\_temporary\freeftys-master\freeftys-master\secondary\npphorizontalruler\x64\unicode realeas\npphoriz.1590d7cd.tlog\link.command.1.tlog
c:\_temporary\freeftys-master\freeftys-master\secondary\npphorizontalruler\x64\unicode realeas\npphoriz.1590d7cd.tlog\link.read.1.tlog
c:\_temporary\freeftys-master\freeftys-master\secondary\npphorizontalruler\x64\unicode realeas\npphoriz.1590d7cd.tlog\link.write.1.tlog
c:\_temporary\freeftys-master\freeftys-master\secondary\npphorizontalruler\x64\unicode realeas\npphoriz.1590d7cd.tlog\npphorizontalruler.write.1u.tlog
c:\_temporary\freeftys-master\freeftys-master\secondary\npphorizontalruler\x64\unicode realeas\npphoriz.1590d7cd.tlog\rc.command.1.tlog
c:\_temporary\freeftys-master\freeftys-master\secondary\npphorizontalruler\x64\unicode realeas\npphoriz.1590d7cd.tlog\rc.read.1.tlog
c:\_temporary\freeftys-master\freeftys-master\secondary\npphorizontalruler\x64\unicode realeas\npphoriz.1590d7cd.tlog\rc.write.1.tlog
